<html>
<body>
<pre>
<h1>µVision Build Log</h1>
<h2>Tool Versions:</h2>
IDE-Version: ¦ÌVision V5.38.0.0
Copyright (C) 2022 ARM Ltd and ARM Germany GmbH. All rights reserved.
License Information: dy 1421876, HP Inc., LIC=X9F5U-S4QEA-F66Q4-FVJKM-BAKN3-93DM7
 
Tool Versions:
Toolchain:       PK51 Prof. Developers Kit  Version: 9.60.7.0
Toolchain Path:  C:\Keil_v5\C51\BIN
C Compiler:      C51.exe V9.60.7.0
Assembler:       A51.exe V8.2.7.0
Linker/Locator:  BL51.exe V6.22.4.0
Library Manager: LIB51.exe V4.30.1.0
Hex Converter:   OH51.exe V2.7.0.0
CPU DLL:         S8051.DLL V3.125.1.0
Dialog DLL:      DP51.DLL V2.69.0.0 
<h2>Project:</h2>
C:\Users\14218\Desktop\¿¼ÊÔÓÃ\4.0-Ä£¿é±³ËÐ\zero-³¬¼¶·ìºÏ¹Ö\project.uvproj
Project File Date:  03/21/2024

<h2>Output:</h2>
Rebuild target 'Target 1'
compiling p0init.c...
compiling BeepRelay.c...
compiling led.c...
led.c(25): warning C275: expression with possibly no effect
led.c(30): warning C275: expression with possibly no effect
compiling shuma.c...
compiling 4key.c...
4key.c(3): warning C318: can't open file 'ctrl.h'
compiling 16key.c...
16key.c(2): warning C318: can't open file 'ctrl.h'
16key.c(71): warning C206: 'keyaction16': missing function-prototype
16key.c(71): error C267: 'keyaction16': requires ANSI-style prototype
compiling timer1.c...
compiling uart1timer2.c...
compiling iic.c...
compiling at24c02.c...
at24c02.c(2): warning C318: can't open file 'iic.h'
at24c02.c(25): warning C206: 'I2CStart': missing function-prototype
at24c02.c(26): warning C206: 'I2CSendByte': missing function-prototype
at24c02.c(26): error C267: 'I2CSendByte': requires ANSI-style prototype
compiling pcf8591.c...
pcf8591.c(2): warning C318: can't open file 'iic.h'
pcf8591.c(15): warning C206: 'I2CStart': missing function-prototype
pcf8591.c(16): warning C206: 'I2CSendByte': missing function-prototype
pcf8591.c(16): error C267: 'I2CSendByte': requires ANSI-style prototype
compiling onewire.c...
compiling pwmtimer2.c...
compiling ds1302.c...
compiling timer0.c...
compiling wave.c...
compiling ds18b20.c...
ds18b20.c(2): warning C318: can't open file 'onewire.h'
ds18b20.c(18): warning C206: 'init_ds18b20': missing function-prototype
ds18b20.c(19): warning C206: 'Write_DS18B20': missing function-prototype
ds18b20.c(19): error C267: 'Write_DS18B20': requires ANSI-style prototype
Target not created.
Build Time Elapsed:  00:00:01
</pre>
</body>
</html>
